<?xml version="1.0" encoding="UTF-8"?>
<!-- Generated by org.testng.reporters.JUnitReportReporter -->
<testsuite hostname="DESKTOP-9BJ4JH8" failures="0" tests="1" name="com.swiggy.SwiggyTestAutomation.Duleeka" time="0.007" errors="0" timestamp="2023-09-30T17:03:57 NZDT" skipped="0">
  <testcase classname="com.swiggy.SwiggyTestAutomation.Duleeka" name="f" time="0.007"/>
  <system-out/>
</testsuite> <!-- com.swiggy.SwiggyTestAutomation.Duleeka -->
